Log file open, 07/31/19 13:09:28
LogWindows: Failed to load 'aqProf.dll' (GetLastError=126)
LogWindows: File 'aqProf.dll' does not exist
LogWindows: Failed to load 'VtuneApi.dll' (GetLastError=126)
LogWindows: File 'VtuneApi.dll' does not exist
LogWindows: Failed to load 'VtuneApi32e.dll' (GetLastError=126)
LogWindows: File 'VtuneApi32e.dll' does not exist
LogConsoleResponse: Display: Failed to find resolution value strings in scalability ini. Falling back to default.
LogInit: Display: Running engine for game: VATS_Project
LogPakFile: Registered encryption key '00000000000000000000000000000000': 0 pak files mounted, 0 remain pending
LogPlatformFile: Not using cached read wrapper
LogTaskGraph: Started task graph with 5 named threads and 23 total threads with 3 sets of task threads.
LogStats: Stats thread started at 0.293487
LogD3D11RHI: Loaded GFSDK_Aftermath_Lib.x64.dll
LogICUInternationalization: ICU TimeZone Detection - Raw Offset: -8:00, Platform Override: ''
LogPluginManager: Mounting plugin Paper2D
LogPluginManager: Mounting plugin AISupport
LogPluginManager: Mounting plugin LightPropagationVolume
LogPluginManager: Mounting plugin ActorLayerUtilities
LogPluginManager: Mounting plugin AnimationSharing
LogPluginManager: Mounting plugin CLionSourceCodeAccess
LogPluginManager: Mounting plugin CodeLiteSourceCodeAccess
LogPluginManager: Mounting plugin GitSourceControl
LogPluginManager: Mounting plugin KDevelopSourceCodeAccess
LogPluginManager: Mounting plugin NullSourceCodeAccess
LogPluginManager: Mounting plugin PerforceSourceControl
LogPluginManager: Mounting plugin SubversionSourceControl
LogPluginManager: Mounting plugin UObjectPlugin
LogPluginManager: Mounting plugin VisualStudioCodeSourceCodeAccess
LogPluginManager: Mounting plugin VisualStudioSourceCodeAccess
LogPluginManager: Mounting plugin XCodeSourceCodeAccess
LogPluginManager: Mounting plugin AssetManagerEditor
LogPluginManager: Mounting plugin CryptoKeys
LogPluginManager: Mounting plugin DataValidation
LogPluginManager: Mounting plugin FacialAnimation
LogPluginManager: Mounting plugin GameplayTagsEditor
LogPluginManager: Mounting plugin MacGraphicsSwitching
LogPluginManager: Mounting plugin MaterialAnalyzer
LogPluginManager: Mounting plugin MobileLauncherProfileWizard
LogPluginManager: Mounting plugin PluginBrowser
LogPluginManager: Mounting plugin SpeedTreeImporter
LogPluginManager: Mounting plugin DatasmithContent
LogPluginManager: Mounting plugin VariantManagerContent
LogPluginManager: Mounting plugin AlembicImporter
LogPluginManager: Mounting plugin AppleImageUtils
LogPluginManager: Mounting plugin AppleVision
LogPluginManager: Mounting plugin BackChannel
LogPluginManager: Mounting plugin CharacterAI
LogPluginManager: Mounting plugin GeometryCache
LogPluginManager: Mounting plugin HTML5Networking
LogPluginManager: Mounting plugin ProxyLODPlugin
LogPluginManager: Mounting plugin SkeletalReduction
LogPluginManager: Mounting plugin MagicLeap
LogPluginManager: Mounting plugin MagicLeapMedia
LogPluginManager: Mounting plugin AndroidMedia
LogPluginManager: Mounting plugin AvfMedia
LogPluginManager: Mounting plugin ImgMedia
LogPluginManager: Mounting plugin LinearTimecode
LogPluginManager: Mounting plugin MediaCompositing
LogPluginManager: Mounting plugin MediaPlayerEditor
LogPluginManager: Mounting plugin WebMMedia
LogPluginManager: Mounting plugin WmfMedia
LogPluginManager: Mounting plugin TcpMessaging
LogPluginManager: Mounting plugin UdpMessaging
LogPluginManager: Mounting plugin ActorSequence
LogPluginManager: Mounting plugin LevelSequenceEditor
LogPluginManager: Mounting plugin MatineeToLevelSequence
LogPluginManager: Mounting plugin NetcodeUnitTest
LogPluginManager: Mounting plugin NUTUnrealEngine4
LogPluginManager: Mounting plugin OnlineSubsystemGooglePlay
LogPluginManager: Mounting plugin OnlineSubsystemIOS
LogPluginManager: Mounting plugin OnlineSubsystem
LogPluginManager: Mounting plugin OnlineSubsystemNull
LogPluginManager: Mounting plugin OnlineSubsystemUtils
LogPluginManager: Mounting plugin LauncherChunkInstaller
LogPluginManager: Mounting plugin AndroidDeviceProfileSelector
LogPluginManager: Mounting plugin AndroidMoviePlayer
LogPluginManager: Mounting plugin AndroidPermission
LogPluginManager: Mounting plugin AppleMoviePlayer
LogPluginManager: Mounting plugin ArchVisCharacter
LogPluginManager: Mounting plugin AudioCapture
LogPluginManager: Mounting plugin CableComponent
LogPluginManager: Mounting plugin CustomMeshComponent
LogPluginManager: Mounting plugin EditableMesh
LogPluginManager: Mounting plugin ExampleDeviceProfileSelector
LogPluginManager: Mounting plugin Firebase
LogPluginManager: Mounting plugin GoogleCloudMessaging
LogPluginManager: Mounting plugin IOSDeviceProfileSelector
LogPluginManager: Mounting plugin LinuxDeviceProfileSelector
LogPluginManager: Mounting plugin LocationServicesBPLibrary
LogPluginManager: Mounting plugin MobilePatchingUtils
LogPluginManager: Mounting plugin OculusVR
LogPluginManager: Mounting plugin PhysXVehicles
LogPluginManager: Mounting plugin ProceduralMeshComponent
LogPluginManager: Mounting plugin RuntimePhysXCooking
LogPluginManager: Mounting plugin SignificanceManager
LogPluginManager: Mounting plugin SteamVR
LogPluginManager: Mounting plugin WebMMoviePlayer
LogPluginManager: Mounting plugin WindowsMoviePlayer
LogInit: Using libcurl 7.55.1-DEV
LogInit:  - built for x86_64-pc-win32
LogInit:  - supports SSL with OpenSSL/1.1.1
LogInit:  - supports HTTP deflate (compression) using libz 1.2.8
LogInit:  - other features:
LogInit:      CURL_VERSION_SSL
LogInit:      CURL_VERSION_LIBZ
LogInit:      CURL_VERSION_IPV6
LogInit:      CURL_VERSION_ASYNCHDNS
LogInit:      CURL_VERSION_LARGEFILE
LogInit:      CURL_VERSION_IDN
LogInit:  CurlRequestOptions (configurable via config and command line):
LogInit:  - bVerifyPeer = true  - Libcurl will verify peer certificate
LogInit:  - bUseHttpProxy = false  - Libcurl will NOT use HTTP proxy
LogInit:  - bDontReuseConnections = false  - Libcurl will reuse connections
LogInit:  - MaxHostConnections = 16  - Libcurl will limit the number of connections to a host
LogInit:  - LocalHostAddr = Default
LogInit:  - BufferSize = 65536
LogInit: WinSock: version 1.1 (2.2), MaxSocks=32767, MaxUdp=65467
LogInit: Build: ++UE4+Release-4.22-CL-7053642
LogInit: Engine Version: 4.22.3-7053642+++UE4+Release-4.22
LogInit: Compatible Engine Version: 4.22.0-5660361+++UE4+Release-4.22
LogInit: Net CL: 5660361
LogInit: OS: Windows 10 (Release 1809) (), CPU: Intel(R) Core(TM) i7-8565U CPU @ 1.80GHz, GPU: Intel(R) UHD Graphics 620
LogInit: Compiled (64-bit): Jun 18 2019 03:09:11
LogInit: Compiled with Visual C++: 19.16.27025.01
LogInit: Build Configuration: Development
LogInit: Branch Name: ++UE4+Release-4.22
LogInit: Command Line: 
LogInit: Base Directory: C:/Program Files/Epic Games/UE_4.22/Engine/Binaries/Win64/
LogInit: Installed Engine Build: 1
LogDevObjectVersion: Number of dev versions registered: 23
LogDevObjectVersion:   Dev-Blueprints (B0D832E4-1F89-4F0D-ACCF-7EB736FD4AA2): 10
LogDevObjectVersion:   Dev-Build (E1C64328-A22C-4D53-A36C-8E866417BD8C): 0
LogDevObjectVersion:   Dev-Core (375EC13C-06E4-48FB-B500-84F0262A717E): 3
LogDevObjectVersion:   Dev-Editor (E4B068ED-F494-42E9-A231-DA0B2E46BB41): 30
LogDevObjectVersion:   Dev-Framework (CFFC743F-43B0-4480-9391-14DF171D2073): 35
LogDevObjectVersion:   Dev-Mobile (B02B49B5-BB20-44E9-A304-32B752E40360): 2
LogDevObjectVersion:   Dev-Networking (A4E4105C-59A1-49B5-A7C5-40C4547EDFEE): 0
LogDevObjectVersion:   Dev-Online (39C831C9-5AE6-47DC-9A44-9C173E1C8E7C): 0
LogDevObjectVersion:   Dev-Physics (78F01B33-EBEA-4F98-B9B4-84EACCB95AA2): 0
LogDevObjectVersion:   Dev-Platform (6631380F-2D4D-43E0-8009-CF276956A95A): 0
LogDevObjectVersion:   Dev-Rendering (12F88B9F-8875-4AFC-A67C-D90C383ABD29): 28
LogDevObjectVersion:   Dev-Sequencer (7B5AE74C-D270-4C10-A958-57980B212A5A): 11
LogDevObjectVersion:   Dev-VR (D7296918-1DD6-4BDD-9DE2-64A83CC13884): 2
LogDevObjectVersion:   Dev-LoadTimes (C2A15278-BFE7-4AFE-6C17-90FF531DF755): 1
LogDevObjectVersion:   Private-Geometry (6EACA3D4-40EC-4CC1-B786-8BED09428FC5): 3
LogDevObjectVersion:   Dev-AnimPhys (29E575DD-E0A3-4627-9D10-D276232CDCEA): 17
LogDevObjectVersion:   Dev-Anim (AF43A65D-7FD3-4947-9873-3E8ED9C1BB05): 2
LogDevObjectVersion:   Dev-ReflectionCapture (6B266CEC-1EC7-4B8F-A30B-E4D90942FC07): 1
LogDevObjectVersion:   Dev-Automation (0DF73D61-A23F-47EA-B727-89E90C41499A): 1
LogDevObjectVersion:   FortniteMain (601D1886-AC64-4F84-AA16-D3DE0DEAC7D6): 25
LogDevObjectVersion:   Dev-Enterprise (9DFFBCD6-494F-0158-E221-12823C92A888): 6
LogDevObjectVersion:   Dev-Niagara (F2AED0AC-9AFE-416F-8664-AA7FFA26D6FC): 1
LogDevObjectVersion:   Dev-Destruction (174F1F0B-B4C6-45A5-B13F-2EE8D0FB917D): 2
LogInit: Presizing for max 16777216 objects, including 0 objects not considered by GC, pre-allocating 0 bytes for permanent pool.
LogInit: Object subsystem initialized
LogConfig: Setting CVar [[con.DebugEarlyDefault:1]]
LogConfig: Setting CVar [[r.setres:1280x720]]
[2019.07.31-20.09.29:343][  0]LogConfig: Setting CVar [[r.VSync:0]]
[2019.07.31-20.09.29:343][  0]LogConfig: Setting CVar [[r.RHICmdBypass:0]]
[2019.07.31-20.09.29:343][  0]LogConfig: Applying CVar settings from Section [/Script/Engine.RendererSettings] File [C:/Users/18313/Desktop/VATS/VATS_Project/Saved/Config/Windows/Engine.ini]
[2019.07.31-20.09.29:343][  0]LogConfig: Setting CVar [[r.GPUCrashDebugging:0]]
[2019.07.31-20.09.29:343][  0]LogConfig: Applying CVar settings from Section [/Script/Engine.RendererOverrideSettings] File [C:/Users/18313/Desktop/VATS/VATS_Project/Saved/Config/Windows/Engine.ini]
[2019.07.31-20.09.29:343][  0]LogConfig: Applying CVar settings from Section [/Script/Engine.StreamingSettings] File [C:/Users/18313/Desktop/VATS/VATS_Project/Saved/Config/Windows/Engine.ini]
[2019.07.31-20.09.29:343][  0]LogConfig: Setting CVar [[s.MinBulkDataSizeForAsyncLoading:131072]]
[2019.07.31-20.09.29:343][  0]LogConfig: Setting CVar [[s.AsyncLoadingThreadEnabled:0]]
[2019.07.31-20.09.29:343][  0]LogConfig: Setting CVar [[s.EventDrivenLoaderEnabled:1]]
[2019.07.31-20.09.29:343][  0]LogConfig: Setting CVar [[s.WarnIfTimeLimitExceeded:0]]
[2019.07.31-20.09.29:343][  0]LogConfig: Setting CVar [[s.TimeLimitExceededMultiplier:1.5]]
[2019.07.31-20.09.29:343][  0]LogConfig: Setting CVar [[s.TimeLimitExceededMinTime:0.005]]
[2019.07.31-20.09.29:343][  0]LogConfig: Setting CVar [[s.UseBackgroundLevelStreaming:1]]
[2019.07.31-20.09.29:343][  0]LogConfig: Setting CVar [[s.PriorityAsyncLoadingExtraTime:15.0]]
[2019.07.31-20.09.29:343][  0]LogConfig: Setting CVar [[s.LevelStreamingActorsUpdateTimeLimit:5.0]]
[2019.07.31-20.09.29:343][  0]LogConfig: Setting CVar [[s.PriorityLevelStreamingActorsUpdateExtraTime:5.0]]
[2019.07.31-20.09.29:343][  0]LogConfig: Setting CVar [[s.LevelStreamingComponentsRegistrationGranularity:10]]
[2019.07.31-20.09.29:343][  0]LogConfig: Setting CVar [[s.UnregisterComponentsTimeLimit:1.0]]
[2019.07.31-20.09.29:343][  0]LogConfig: Setting CVar [[s.LevelStreamingComponentsUnregistrationGranularity:5]]
[2019.07.31-20.09.29:343][  0]LogConfig: Applying CVar settings from Section [/Script/Engine.GarbageCollectionSettings] File [C:/Users/18313/Desktop/VATS/VATS_Project/Saved/Config/Windows/Engine.ini]
[2019.07.31-20.09.29:343][  0]LogConfig: Setting CVar [[gc.MaxObjectsNotConsideredByGC:1]]
[2019.07.31-20.09.29:344][  0]LogConfig: Setting CVar [[gc.SizeOfPermanentObjectPool:0]]
[2019.07.31-20.09.29:344][  0]LogConfig: Setting CVar [[gc.FlushStreamingOnGC:0]]
[2019.07.31-20.09.29:344][  0]LogConfig: Setting CVar [[gc.NumRetriesBeforeForcingGC:10]]
[2019.07.31-20.09.29:344][  0]LogConfig: Setting CVar [[gc.AllowParallelGC:1]]
[2019.07.31-20.09.29:344][  0]LogConfig: Setting CVar [[gc.TimeBetweenPurgingPendingKillObjects:61.1]]
[2019.07.31-20.09.29:344][  0]LogConfig: Setting CVar [[gc.MaxObjectsInEditor:16777216]]
[2019.07.31-20.09.29:344][  0]LogConfig: Setting CVar [[gc.IncrementalBeginDestroyEnabled:1]]
[2019.07.31-20.09.29:344][  0]LogConfig: Setting CVar [[gc.CreateGCClusters:1]]
[2019.07.31-20.09.29:344][  0]LogConfig: Setting CVar [[gc.MinGCClusterSize:5]]
[2019.07.31-20.09.29:344][  0]LogConfig: Setting CVar [[gc.ActorClusteringEnabled:0]]
[2019.07.31-20.09.29:344][  0]LogConfig: Setting CVar [[gc.BlueprintClusteringEnabled:0]]
[2019.07.31-20.09.29:344][  0]LogConfig: Setting CVar [[gc.UseDisregardForGCOnDedicatedServers:0]]
[2019.07.31-20.09.29:344][  0]LogConfig: Applying CVar settings from Section [/Script/Engine.NetworkSettings] File [C:/Users/18313/Desktop/VATS/VATS_Project/Saved/Config/Windows/Engine.ini]
[2019.07.31-20.09.29:344][  0]LogConfig: Applying CVar settings from Section [/Script/UnrealEd.CookerSettings] File [C:/Users/18313/Desktop/VATS/VATS_Project/Saved/Config/Windows/Engine.ini]
[2019.07.31-20.09.29:349][  0]LogConfig: Applying CVar settings from Section [ViewDistanceQuality@3] File [C:/Users/18313/Desktop/VATS/VATS_Project/Saved/Config/Windows/Scalability.ini]
[2019.07.31-20.09.29:349][  0]LogConfig: Setting CVar [[r.SkeletalMeshLODBias:0]]
[2019.07.31-20.09.29:349][  0]LogConfig: Setting CVar [[r.ViewDistanceScale:1.0]]
[2019.07.31-20.09.29:349][  0]LogConfig: Applying CVar settings from Section [AntiAliasingQuality@3] File [C:/Users/18313/Desktop/VATS/VATS_Project/Saved/Config/Windows/Scalability.ini]
[2019.07.31-20.09.29:349][  0]LogConfig: Setting CVar [[r.PostProcessAAQuality:4]]
[2019.07.31-20.09.29:349][  0]LogConfig: Applying CVar settings from Section [ShadowQuality@3] File [C:/Users/18313/Desktop/VATS/VATS_Project/Saved/Config/Windows/Scalability.ini]
[2019.07.31-20.09.29:349][  0]LogConfig: Setting CVar [[r.LightFunctionQuality:1]]
[2019.07.31-20.09.29:349][  0]LogConfig: Setting CVar [[r.ShadowQuality:5]]
[2019.07.31-20.09.29:349][  0]LogConfig: Setting CVar [[r.Shadow.CSM.MaxCascades:10]]
[2019.07.31-20.09.29:349][  0]LogConfig: Setting CVar [[r.Shadow.MaxResolution:2048]]
[2019.07.31-20.09.29:349][  0]LogConfig: Setting CVar [[r.Shadow.MaxCSMResolution:2048]]
[2019.07.31-20.09.29:349][  0]LogConfig: Setting CVar [[r.Shadow.RadiusThreshold:0.01]]
[2019.07.31-20.09.29:349][  0]LogConfig: Setting CVar [[r.Shadow.DistanceScale:1.0]]
[2019.07.31-20.09.29:349][  0]LogConfig: Setting CVar [[r.Shadow.CSM.TransitionScale:1.0]]
[2019.07.31-20.09.29:349][  0]LogConfig: Setting CVar [[r.Shadow.PreShadowResolutionFactor:1.0]]
[2019.07.31-20.09.29:349][  0]LogConfig: Setting CVar [[r.DistanceFieldShadowing:1]]
[2019.07.31-20.09.29:349][  0]LogConfig: Setting CVar [[r.DistanceFieldAO:1]]
[2019.07.31-20.09.29:349][  0]LogConfig: Setting CVar [[r.AOQuality:2]]
[2019.07.31-20.09.29:349][  0]LogConfig: Setting CVar [[r.VolumetricFog:1]]
[2019.07.31-20.09.29:349][  0]LogConfig: Setting CVar [[r.VolumetricFog.GridPixelSize:8]]
[2019.07.31-20.09.29:349][  0]LogConfig: Setting CVar [[r.VolumetricFog.GridSizeZ:128]]
[2019.07.31-20.09.29:349][  0]LogConfig: Setting CVar [[r.VolumetricFog.HistoryMissSupersampleCount:4]]
[2019.07.31-20.09.29:349][  0]LogConfig: Setting CVar [[r.LightMaxDrawDistanceScale:1]]
[2019.07.31-20.09.29:349][  0]LogConfig: Setting CVar [[r.CapsuleShadows:1]]
[2019.07.31-20.09.29:349][  0]LogConfig: Applying CVar settings from Section [PostProcessQuality@3] File [C:/Users/18313/Desktop/VATS/VATS_Project/Saved/Config/Windows/Scalability.ini]
[2019.07.31-20.09.29:349][  0]LogConfig: Setting CVar [[r.MotionBlurQuality:4]]
[2019.07.31-20.09.29:349][  0]LogConfig: Setting CVar [[r.AmbientOcclusionMipLevelFactor:0.4]]
[2019.07.31-20.09.29:349][  0]LogConfig: Setting CVar [[r.AmbientOcclusionMaxQuality:100]]
[2019.07.31-20.09.29:349][  0]LogConfig: Setting CVar [[r.AmbientOcclusionLevels:-1]]
[2019.07.31-20.09.29:349][  0]LogConfig: Setting CVar [[r.AmbientOcclusionRadiusScale:1.0]]
[2019.07.31-20.09.29:349][  0]LogConfig: Setting CVar [[r.DepthOfFieldQuality:2]]
[2019.07.31-20.09.29:349][  0]LogConfig: Setting CVar [[r.RenderTargetPoolMin:400]]
[2019.07.31-20.09.29:349][  0]LogConfig: Setting CVar [[r.LensFlareQuality:2]]
[2019.07.31-20.09.29:349][  0]LogConfig: Setting CVar [[r.SceneColorFringeQuality:1]]
[2019.07.31-20.09.29:349][  0]LogConfig: Setting CVar [[r.EyeAdaptationQuality:2]]
[2019.07.31-20.09.29:349][  0]LogConfig: Setting CVar [[r.BloomQuality:5]]
[2019.07.31-20.09.29:349][  0]LogConfig: Setting CVar [[r.FastBlurThreshold:100]]
[2019.07.31-20.09.29:350][  0]LogConfig: Setting CVar [[r.Upscale.Quality:3]]
[2019.07.31-20.09.29:350][  0]LogConfig: Setting CVar [[r.Tonemapper.GrainQuantization:1]]
[2019.07.31-20.09.29:350][  0]LogConfig: Setting CVar [[r.LightShaftQuality:1]]
[2019.07.31-20.09.29:350][  0]LogConfig: Setting CVar [[r.Filter.SizeScale:1]]
[2019.07.31-20.09.29:350][  0]LogConfig: Setting CVar [[r.Tonemapper.Quality:5]]
[2019.07.31-20.09.29:350][  0]LogConfig: Setting CVar [[r.DOF.Gather.AccumulatorQuality:1        ; higher gathering accumulator quality]]
[2019.07.31-20.09.29:350][  0]LogConfig: Setting CVar [[r.DOF.Gather.PostfilterMethod:1          ; Median3x3 postfilering method]]
[2019.07.31-20.09.29:350][  0]LogConfig: Setting CVar [[r.DOF.Gather.EnableBokehSettings:0       ; no bokeh simulation when gathering]]
[2019.07.31-20.09.29:350][  0]LogConfig: Setting CVar [[r.DOF.Gather.RingCount:4                 ; medium number of samples when gathering]]
[2019.07.31-20.09.29:350][  0]LogConfig: Setting CVar [[r.DOF.Scatter.ForegroundCompositing:1    ; additive foreground scattering]]
[2019.07.31-20.09.29:350][  0]LogConfig: Setting CVar [[r.DOF.Scatter.BackgroundCompositing:2    ; additive background scattering]]
[2019.07.31-20.09.29:350][  0]LogConfig: Setting CVar [[r.DOF.Scatter.EnableBokehSettings:1      ; bokeh simulation when scattering]]
[2019.07.31-20.09.29:350][  0]LogConfig: Setting CVar [[r.DOF.Scatter.MaxSpriteRatio:0.1         ; only a maximum of 10% of scattered bokeh]]
[2019.07.31-20.09.29:350][  0]LogConfig: Setting CVar [[r.DOF.Recombine.Quality:1                ; cheap slight out of focus]]
[2019.07.31-20.09.29:350][  0]LogConfig: Setting CVar [[r.DOF.Recombine.EnableBokehSettings:0    ; no bokeh simulation on slight out of focus]]
[2019.07.31-20.09.29:350][  0]LogConfig: Setting CVar [[r.DOF.TemporalAAQuality:1                ; more stable temporal accumulation]]
[2019.07.31-20.09.29:350][  0]LogConfig: Setting CVar [[r.DOF.Kernel.MaxForegroundRadius:0.025]]
[2019.07.31-20.09.29:350][  0]LogConfig: Setting CVar [[r.DOF.Kernel.MaxBackgroundRadius:0.025]]
[2019.07.31-20.09.29:350][  0]LogConfig: Applying CVar settings from Section [TextureQuality@3] File [C:/Users/18313/Desktop/VATS/VATS_Project/Saved/Config/Windows/Scalability.ini]
[2019.07.31-20.09.29:350][  0]LogConfig: Setting CVar [[r.Streaming.MipBias:0]]
[2019.07.31-20.09.29:350][  0]LogConfig: Setting CVar [[r.Streaming.AmortizeCPUToGPUCopy:0]]
[2019.07.31-20.09.29:350][  0]LogConfig: Setting CVar [[r.Streaming.MaxNumTexturesToStreamPerFrame:0]]
[2019.07.31-20.09.29:350][  0]LogConfig: Setting CVar [[r.Streaming.Boost:1]]
[2019.07.31-20.09.29:350][  0]LogConfig: Setting CVar [[r.MaxAnisotropy:8]]
[2019.07.31-20.09.29:350][  0]LogConfig: Setting CVar [[r.Streaming.LimitPoolSizeToVRAM:0]]
[2019.07.31-20.09.29:350][  0]LogConfig: Setting CVar [[r.Streaming.PoolSize:1000]]
[2019.07.31-20.09.29:350][  0]LogConfig: Setting CVar [[r.Streaming.MaxEffectiveScreenSize:0]]
[2019.07.31-20.09.29:350][  0]LogConfig: Applying CVar settings from Section [EffectsQuality@3] File [C:/Users/18313/Desktop/VATS/VATS_Project/Saved/Config/Windows/Scalability.ini]
[2019.07.31-20.09.29:350][  0]LogConfig: Setting CVar [[r.TranslucencyLightingVolumeDim:64]]
[2019.07.31-20.09.29:350][  0]LogConfig: Setting CVar [[r.RefractionQuality:2]]
[2019.07.31-20.09.29:350][  0]LogConfig: Setting CVar [[r.SSR.Quality:3]]
[2019.07.31-20.09.29:350][  0]LogConfig: Setting CVar [[r.SceneColorFormat:4]]
[2019.07.31-20.09.29:350][  0]LogConfig: Setting CVar [[r.DetailMode:2]]
[2019.07.31-20.09.29:350][  0]LogConfig: Setting CVar [[r.TranslucencyVolumeBlur:1]]
[2019.07.31-20.09.29:350][  0]LogConfig: Setting CVar [[r.MaterialQualityLevel:1 ; High quality]]
[2019.07.31-20.09.29:350][  0]LogConfig: Setting CVar [[r.SSS.Scale:1]]
[2019.07.31-20.09.29:350][  0]LogConfig: Setting CVar [[r.SSS.SampleSet:2]]
[2019.07.31-20.09.29:350][  0]LogConfig: Setting CVar [[r.SSS.Quality:1]]
[2019.07.31-20.09.29:351][  0]LogConfig: Setting CVar [[r.SSS.HalfRes:1]]
[2019.07.31-20.09.29:351][  0]LogConfig: Setting CVar [[r.EmitterSpawnRateScale:1.0]]
[2019.07.31-20.09.29:351][  0]LogConfig: Setting CVar [[r.ParticleLightQuality:2]]
[2019.07.31-20.09.29:351][  0]LogConfig: Applying CVar settings from Section [FoliageQuality@3] File [C:/Users/18313/Desktop/VATS/VATS_Project/Saved/Config/Windows/Scalability.ini]
[2019.07.31-20.09.29:351][  0]LogConfig: Setting CVar [[foliage.DensityScale:1.0]]
[2019.07.31-20.09.29:351][  0]LogConfig: Setting CVar [[grass.DensityScale:1.0]]
[2019.07.31-20.09.29:351][  0]LogInit: Selected Device Profile: [Windows]
[2019.07.31-20.09.29:351][  0]LogInit: Applying CVar settings loaded from the selected device profile: [Windows]
[2019.07.31-20.09.29:370][  0]LogHAL: Display: Platform has ~ 16 GB [16905867264 / 17179869184 / 16], which maps to Larger [LargestMinGB=32, LargerMinGB=12, DefaultMinGB=8, SmallerMinGB=6, SmallestMinGB=0)
[2019.07.31-20.09.29:370][  0]LogConfig: Setting CVar [[r.Vulkan.UseRealUBs:0		; Required until we fix HLR fall-out]]
[2019.07.31-20.09.29:370][  0]LogInit: Going up to parent DeviceProfile []
[2019.07.31-20.09.29:370][  0]LogConfig: Applying CVar settings from Section [ViewDistanceQuality@3] File [C:/Users/18313/Desktop/VATS/VATS_Project/Saved/Config/Windows/Scalability.ini]
[2019.07.31-20.09.29:370][  0]LogConfig: Setting CVar [[r.SkeletalMeshLODBias:0]]
[2019.07.31-20.09.29:370][  0]LogConfig: Setting CVar [[r.ViewDistanceScale:1.0]]
[2019.07.31-20.09.29:370][  0]LogConfig: Applying CVar settings from Section [AntiAliasingQuality@3] File [C:/Users/18313/Desktop/VATS/VATS_Project/Saved/Config/Windows/Scalability.ini]
[2019.07.31-20.09.29:370][  0]LogConfig: Setting CVar [[r.PostProcessAAQuality:4]]
[2019.07.31-20.09.29:370][  0]LogConfig: Applying CVar settings from Section [ShadowQuality@3] File [C:/Users/18313/Desktop/VATS/VATS_Project/Saved/Config/Windows/Scalability.ini]
[2019.07.31-20.09.29:370][  0]LogConfig: Setting CVar [[r.LightFunctionQuality:1]]
[2019.07.31-20.09.29:370][  0]LogConfig: Setting CVar [[r.ShadowQuality:5]]
[2019.07.31-20.09.29:370][  0]LogConfig: Setting CVar [[r.Shadow.CSM.MaxCascades:10]]
[2019.07.31-20.09.29:370][  0]LogConfig: Setting CVar [[r.Shadow.MaxResolution:2048]]
[2019.07.31-20.09.29:370][  0]LogConfig: Setting CVar [[r.Shadow.MaxCSMResolution:2048]]
[2019.07.31-20.09.29:370][  0]LogConfig: Setting CVar [[r.Shadow.RadiusThreshold:0.01]]
[2019.07.31-20.09.29:370][  0]LogConfig: Setting CVar [[r.Shadow.DistanceScale:1.0]]
[2019.07.31-20.09.29:370][  0]LogConfig: Setting CVar [[r.Shadow.CSM.TransitionScale:1.0]]
[2019.07.31-20.09.29:370][  0]LogConfig: Setting CVar [[r.Shadow.PreShadowResolutionFactor:1.0]]
[2019.07.31-20.09.29:370][  0]LogConfig: Setting CVar [[r.DistanceFieldShadowing:1]]
[2019.07.31-20.09.29:370][  0]LogConfig: Setting CVar [[r.DistanceFieldAO:1]]
[2019.07.31-20.09.29:370][  0]LogConfig: Setting CVar [[r.AOQuality:2]]
[2019.07.31-20.09.29:370][  0]LogConfig: Setting CVar [[r.VolumetricFog:1]]
[2019.07.31-20.09.29:370][  0]LogConfig: Setting CVar [[r.VolumetricFog.GridPixelSize:8]]
[2019.07.31-20.09.29:370][  0]LogConfig: Setting CVar [[r.VolumetricFog.GridSizeZ:128]]
[2019.07.31-20.09.29:370][  0]LogConfig: Setting CVar [[r.VolumetricFog.HistoryMissSupersampleCount:4]]
[2019.07.31-20.09.29:370][  0]LogConfig: Setting CVar [[r.LightMaxDrawDistanceScale:1]]
[2019.07.31-20.09.29:370][  0]LogConfig: Setting CVar [[r.CapsuleShadows:1]]
[2019.07.31-20.09.29:370][  0]LogConfig: Applying CVar settings from Section [PostProcessQuality@3] File [C:/Users/18313/Desktop/VATS/VATS_Project/Saved/Config/Windows/Scalability.ini]
[2019.07.31-20.09.29:370][  0]LogConfig: Setting CVar [[r.MotionBlurQuality:4]]
[2019.07.31-20.09.29:370][  0]LogConfig: Setting CVar [[r.AmbientOcclusionMipLevelFactor:0.4]]
[2019.07.31-20.09.29:370][  0]LogConfig: Setting CVar [[r.AmbientOcclusionMaxQuality:100]]
[2019.07.31-20.09.29:370][  0]LogConfig: Setting CVar [[r.AmbientOcclusionLevels:-1]]
[2019.07.31-20.09.29:370][  0]LogConfig: Setting CVar [[r.AmbientOcclusionRadiusScale:1.0]]
[2019.07.31-20.09.29:370][  0]LogConfig: Setting CVar [[r.DepthOfFieldQuality:2]]
[2019.07.31-20.09.29:370][  0]LogConfig: Setting CVar [[r.RenderTargetPoolMin:400]]
[2019.07.31-20.09.29:370][  0]LogConfig: Setting CVar [[r.LensFlareQuality:2]]
[2019.07.31-20.09.29:370][  0]LogConfig: Setting CVar [[r.SceneColorFringeQuality:1]]
[2019.07.31-20.09.29:370][  0]LogConfig: Setting CVar [[r.EyeAdaptationQuality:2]]
[2019.07.31-20.09.29:370][  0]LogConfig: Setting CVar [[r.BloomQuality:5]]
[2019.07.31-20.09.29:371][  0]LogConfig: Setting CVar [[r.FastBlurThreshold:100]]
[2019.07.31-20.09.29:371][  0]LogConfig: Setting CVar [[r.Upscale.Quality:3]]
[2019.07.31-20.09.29:371][  0]LogConfig: Setting CVar [[r.Tonemapper.GrainQuantization:1]]
[2019.07.31-20.09.29:371][  0]LogConfig: Setting CVar [[r.LightShaftQuality:1]]
[2019.07.31-20.09.29:371][  0]LogConfig: Setting CVar [[r.Filter.SizeScale:1]]
[2019.07.31-20.09.29:371][  0]LogConfig: Setting CVar [[r.Tonemapper.Quality:5]]
[2019.07.31-20.09.29:371][  0]LogConfig: Setting CVar [[r.DOF.Gather.AccumulatorQuality:1        ; higher gathering accumulator quality]]
[2019.07.31-20.09.29:371][  0]LogConfig: Setting CVar [[r.DOF.Gather.PostfilterMethod:1          ; Median3x3 postfilering method]]
[2019.07.31-20.09.29:371][  0]LogConfig: Setting CVar [[r.DOF.Gather.EnableBokehSettings:0       ; no bokeh simulation when gathering]]
[2019.07.31-20.09.29:371][  0]LogConfig: Setting CVar [[r.DOF.Gather.RingCount:4                 ; medium number of samples when gathering]]
[2019.07.31-20.09.29:371][  0]LogConfig: Setting CVar [[r.DOF.Scatter.ForegroundCompositing:1    ; additive foreground scattering]]
[2019.07.31-20.09.29:371][  0]LogConfig: Setting CVar [[r.DOF.Scatter.BackgroundCompositing:2    ; additive background scattering]]
[2019.07.31-20.09.29:371][  0]LogConfig: Setting CVar [[r.DOF.Scatter.EnableBokehSettings:1      ; bokeh simulation when scattering]]
[2019.07.31-20.09.29:371][  0]LogConfig: Setting CVar [[r.DOF.Scatter.MaxSpriteRatio:0.1         ; only a maximum of 10% of scattered bokeh]]
[2019.07.31-20.09.29:371][  0]LogConfig: Setting CVar [[r.DOF.Recombine.Quality:1                ; cheap slight out of focus]]
[2019.07.31-20.09.29:371][  0]LogConfig: Setting CVar [[r.DOF.Recombine.EnableBokehSettings:0    ; no bokeh simulation on slight out of focus]]
[2019.07.31-20.09.29:371][  0]LogConfig: Setting CVar [[r.DOF.TemporalAAQuality:1                ; more stable temporal accumulation]]
[2019.07.31-20.09.29:371][  0]LogConfig: Setting CVar [[r.DOF.Kernel.MaxForegroundRadius:0.025]]
[2019.07.31-20.09.29:371][  0]LogConfig: Setting CVar [[r.DOF.Kernel.MaxBackgroundRadius:0.025]]
[2019.07.31-20.09.29:371][  0]LogConfig: Applying CVar settings from Section [TextureQuality@3] File [C:/Users/18313/Desktop/VATS/VATS_Project/Saved/Config/Windows/Scalability.ini]
[2019.07.31-20.09.29:371][  0]LogConfig: Setting CVar [[r.Streaming.MipBias:0]]
[2019.07.31-20.09.29:371][  0]LogConfig: Setting CVar [[r.Streaming.AmortizeCPUToGPUCopy:0]]
[2019.07.31-20.09.29:371][  0]LogConfig: Setting CVar [[r.Streaming.MaxNumTexturesToStreamPerFrame:0]]
[2019.07.31-20.09.29:371][  0]LogConfig: Setting CVar [[r.Streaming.Boost:1]]
[2019.07.31-20.09.29:371][  0]LogConfig: Setting CVar [[r.MaxAnisotropy:8]]
[2019.07.31-20.09.29:371][  0]LogConfig: Setting CVar [[r.Streaming.LimitPoolSizeToVRAM:0]]
[2019.07.31-20.09.29:371][  0]LogConfig: Setting CVar [[r.Streaming.PoolSize:1000]]
[2019.07.31-20.09.29:371][  0]LogConfig: Setting CVar [[r.Streaming.MaxEffectiveScreenSize:0]]
[2019.07.31-20.09.29:371][  0]LogConfig: Applying CVar settings from Section [EffectsQuality@3] File [C:/Users/18313/Desktop/VATS/VATS_Project/Saved/Config/Windows/Scalability.ini]
[2019.07.31-20.09.29:371][  0]LogConfig: Setting CVar [[r.TranslucencyLightingVolumeDim:64]]
[2019.07.31-20.09.29:371][  0]LogConfig: Setting CVar [[r.RefractionQuality:2]]
[2019.07.31-20.09.29:371][  0]LogConfig: Setting CVar [[r.SSR.Quality:3]]
[2019.07.31-20.09.29:371][  0]LogConfig: Setting CVar [[r.SceneColorFormat:4]]
[2019.07.31-20.09.29:371][  0]LogConfig: Setting CVar [[r.DetailMode:2]]
[2019.07.31-20.09.29:371][  0]LogConfig: Setting CVar [[r.TranslucencyVolumeBlur:1]]
[2019.07.31-20.09.29:371][  0]LogConfig: Setting CVar [[r.MaterialQualityLevel:1 ; High quality]]
[2019.07.31-20.09.29:371][  0]LogConfig: Setting CVar [[r.SSS.Scale:1]]
[2019.07.31-20.09.29:371][  0]LogConfig: Setting CVar [[r.SSS.SampleSet:2]]
[2019.07.31-20.09.29:371][  0]LogConfig: Setting CVar [[r.SSS.Quality:1]]
[2019.07.31-20.09.29:371][  0]LogConfig: Setting CVar [[r.SSS.HalfRes:1]]
[2019.07.31-20.09.29:371][  0]LogConfig: Setting CVar [[r.EmitterSpawnRateScale:1.0]]
[2019.07.31-20.09.29:371][  0]LogConfig: Setting CVar [[r.ParticleLightQuality:2]]
[2019.07.31-20.09.29:371][  0]LogConfig: Applying CVar settings from Section [FoliageQuality@3] File [C:/Users/18313/Desktop/VATS/VATS_Project/Saved/Config/Windows/Scalability.ini]
[2019.07.31-20.09.29:371][  0]LogConfig: Setting CVar [[foliage.DensityScale:1.0]]
[2019.07.31-20.09.29:371][  0]LogConfig: Setting CVar [[grass.DensityScale:1.0]]
[2019.07.31-20.09.29:371][  0]LogConfig: Applying CVar settings from Section [Startup] File [../../../Engine/Config/ConsoleVariables.ini]
[2019.07.31-20.09.29:372][  0]LogConfig: Setting CVar [[net.UseAdaptiveNetUpdateFrequency:0]]
[2019.07.31-20.09.29:372][  0]LogConfig: Setting CVar [[p.chaos.AllowCreatePhysxBodies:1]]
[2019.07.31-20.09.29:372][  0]LogConfig: Applying CVar settings from Section [ConsoleVariables] File [C:/Users/18313/Desktop/VATS/VATS_Project/Saved/Config/Windows/Engine.ini]
[2019.07.31-20.09.29:372][  0]LogInit: Computer: DESKTOP-URDAECS
[2019.07.31-20.09.29:372][  0]LogInit: User: 18313
[2019.07.31-20.09.29:372][  0]LogInit: CPU Page size=4096, Cores=4
[2019.07.31-20.09.29:372][  0]LogInit: High frequency timer resolution =10.000000 MHz
[2019.07.31-20.09.29:372][  0]LogMemory: Memory total: Physical=15.7GB (16GB approx)
[2019.07.31-20.09.29:372][  0]LogMemory: Platform Memory Stats for Windows
[2019.07.31-20.09.29:372][  0]LogMemory: Process Physical Memory: 97.52 MB used, 97.52 MB peak
[2019.07.31-20.09.29:372][  0]LogMemory: Process Virtual Memory: 89.23 MB used, 89.23 MB peak
[2019.07.31-20.09.29:372][  0]LogMemory: Physical Memory: 6897.60 MB used,  9225.09 MB free, 16122.69 MB total
[2019.07.31-20.09.29:372][  0]LogMemory: Virtual Memory: 4656.38 MB used,  134213072.00 MB free, 134217728.00 MB total
[2019.07.31-20.09.29:407][  0]LogInit: Using OS detected language (en-US).
[2019.07.31-20.09.29:407][  0]LogInit: Using OS detected locale (en-US).
[2019.07.31-20.09.29:408][  0]LogTextLocalizationManager: No specific localization for 'en-US' exists, so the 'en' localization will be used.
[2019.07.31-20.09.29:648][  0]LogInit: Setting process to per monitor DPI aware
[2019.07.31-20.09.29:683][  0]LogSlate: New Slate User Created.  User Index 0, Is Virtual User: 0
[2019.07.31-20.09.29:683][  0]LogSlate: Slate User Registered.  User Index 0, Is Virtual User: 0
[2019.07.31-20.09.29:918][  0]LogHMD: Failed to initialize OpenVR with code 110
[2019.07.31-20.09.29:918][  0]LogD3D11RHI: D3D11 adapters:
[2019.07.31-20.09.30:032][  0]LogD3D11RHI:    0. 'Intel(R) UHD Graphics 620' (Feature Level 11_0)
[2019.07.31-20.09.30:032][  0]LogD3D11RHI:       128/0/8061 MB DedicatedVideo/DedicatedSystem/SharedSystem, Outputs:1, VendorId:0x8086
[2019.07.31-20.09.30:037][  0]LogD3D11RHI:    1. 'Microsoft Basic Render Driver' (Feature Level 11_0)
[2019.07.31-20.09.30:037][  0]LogD3D11RHI:       0/0/8061 MB DedicatedVideo/DedicatedSystem/SharedSystem, Outputs:0, VendorId:0x1414
[2019.07.31-20.09.30:037][  0]LogD3D11RHI: Chosen D3D11 Adapter: 0
[2019.07.31-20.09.30:045][  0]LogD3D11RHI: Creating new Direct3DDevice
[2019.07.31-20.09.30:046][  0]LogD3D11RHI:     GPU DeviceId: 0x3ea0 (for the marketing name, search the web for "GPU Device Id")
[2019.07.31-20.09.30:046][  0]LogWindows: EnumDisplayDevices:
[2019.07.31-20.09.30:046][  0]LogWindows:    0. 'Intel(R) UHD Graphics 620' (P:1 D:1)
[2019.07.31-20.09.30:046][  0]LogWindows:    1. 'Intel(R) UHD Graphics 620' (P:0 D:0)
[2019.07.31-20.09.30:047][  0]LogWindows:    2. 'Intel(R) UHD Graphics 620' (P:0 D:0)
[2019.07.31-20.09.30:047][  0]LogWindows: DebugString: FoundDriverCount:3 
[2019.07.31-20.09.30:047][  0]LogD3D11RHI:     Adapter Name: Intel(R) UHD Graphics 620
[2019.07.31-20.09.30:047][  0]LogD3D11RHI:   Driver Version: 24.20.100.6345 (internal:24.20.100.6345, unified:24.20.100.6345)
[2019.07.31-20.09.30:047][  0]LogD3D11RHI:      Driver Date: 11-11-2018
[2019.07.31-20.09.30:047][  0]LogRHI: Texture pool is 1523 MB (70% of 2176 MB)
[2019.07.31-20.09.30:142][  0]LogD3D11RHI: Async texture creation enabled
[2019.07.31-20.09.30:146][  0]LogRendererCore: FGlobalReadBuffer::InitRHI
[2019.07.31-20.09.30:146][  0]LogRendererCore: FGlobalReadBuffer::InitRHI
[2019.07.31-20.09.30:146][  0]LogRendererCore: FGlobalReadBuffer::InitRHI
[2019.07.31-20.09.30:149][  0]LogD3D11RHI: GPU Timing Frequency: 12.000048 (Debug: 2 0)
[2019.07.31-20.09.30:830][  0]LogTemp: Display: Module 'AllDesktopTargetPlatform' loaded TargetPlatform 'AllDesktop'
[2019.07.31-20.09.30:856][  0]LogTemp: Display: Module 'MacClientTargetPlatform' loaded TargetPlatform 'MacClient'
[2019.07.31-20.09.30:888][  0]LogTemp: Display: Module 'MacNoEditorTargetPlatform' loaded TargetPlatform 'MacNoEditor'
[2019.07.31-20.09.30:915][  0]LogTemp: Display: Module 'MacServerTargetPlatform' loaded TargetPlatform 'MacServer'
[2019.07.31-20.09.30:941][  0]LogTemp: Display: Module 'MacTargetPlatform' loaded TargetPlatform 'Mac'
[2019.07.31-20.09.30:972][  0]LogTemp: Display: Module 'WindowsClientTargetPlatform' loaded TargetPlatform 'WindowsClient'
[2019.07.31-20.09.31:002][  0]LogTemp: Display: Module 'WindowsNoEditorTargetPlatform' loaded TargetPlatform 'WindowsNoEditor'
[2019.07.31-20.09.31:033][  0]LogTemp: Display: Module 'WindowsServerTargetPlatform' loaded TargetPlatform 'WindowsServer'
[2019.07.31-20.09.31:049][  0]LogTemp: Display: Module 'WindowsTargetPlatform' loaded TargetPlatform 'Windows'
[2019.07.31-20.09.31:200][  0]LogTemp: Display: Module 'AndroidTargetPlatform' loaded TargetPlatform 'Android'
[2019.07.31-20.09.31:200][  0]LogTemp: Display: Module 'AndroidTargetPlatform' loaded TargetPlatform 'Android_ASTC'
[2019.07.31-20.09.31:200][  0]LogTemp: Display: Module 'AndroidTargetPlatform' loaded TargetPlatform 'Android_ATC'
[2019.07.31-20.09.31:200][  0]LogTemp: Display: Module 'AndroidTargetPlatform' loaded TargetPlatform 'Android_DXT'
[2019.07.31-20.09.31:200][  0]LogTemp: Display: Module 'AndroidTargetPlatform' loaded TargetPlatform 'Android_ETC1'
[2019.07.31-20.09.31:200][  0]LogTemp: Display: Module 'AndroidTargetPlatform' loaded TargetPlatform 'Android_ETC1a'
[2019.07.31-20.09.31:200][  0]LogTemp: Display: Module 'AndroidTargetPlatform' loaded TargetPlatform 'Android_ETC2'
[2019.07.31-20.09.31:200][  0]LogTemp: Display: Module 'AndroidTargetPlatform' loaded TargetPlatform 'Android_PVRTC'
[2019.07.31-20.09.31:200][  0]LogTemp: Display: Module 'AndroidTargetPlatform' loaded TargetPlatform 'AndroidClient'
[2019.07.31-20.09.31:200][  0]LogTemp: Display: Module 'AndroidTargetPlatform' loaded TargetPlatform 'Android_ASTCClient'
[2019.07.31-20.09.31:200][  0]LogTemp: Display: Module 'AndroidTargetPlatform' loaded TargetPlatform 'Android_ATCClient'
[2019.07.31-20.09.31:200][  0]LogTemp: Display: Module 'AndroidTargetPlatform' loaded TargetPlatform 'Android_DXTClient'
[2019.07.31-20.09.31:200][  0]LogTemp: Display: Module 'AndroidTargetPlatform' loaded TargetPlatform 'Android_ETC1Client'
[2019.07.31-20.09.31:200][  0]LogTemp: Display: Module 'AndroidTargetPlatform' loaded TargetPlatform 'Android_ETC1aClient'
[2019.07.31-20.09.31:200][  0]LogTemp: Display: Module 'AndroidTargetPlatform' loaded TargetPlatform 'Android_ETC2Client'
[2019.07.31-20.09.31:200][  0]LogTemp: Display: Module 'AndroidTargetPlatform' loaded TargetPlatform 'Android_PVRTCClient'
[2019.07.31-20.09.31:200][  0]LogTemp: Display: Module 'AndroidTargetPlatform' loaded TargetPlatform 'Android_Multi'
[2019.07.31-20.09.31:200][  0]LogTemp: Display: Module 'AndroidTargetPlatform' loaded TargetPlatform 'Android_MultiClient'
[2019.07.31-20.09.31:203][  0]LogTemp: Display: Module 'HTML5TargetPlatform' loaded TargetPlatform 'HTML5'
[2019.07.31-20.09.31:280][  0]LogTemp: Display: Module 'IOSTargetPlatform' loaded TargetPlatform 'IOSClient'
[2019.07.31-20.09.31:280][  0]LogTemp: Display: Module 'IOSTargetPlatform' loaded TargetPlatform 'IOS'
[2019.07.31-20.09.31:326][  0]LogTemp: Display: Module 'TVOSTargetPlatform' loaded TargetPlatform 'TVOSClient'
[2019.07.31-20.09.31:326][  0]LogTemp: Display: Module 'TVOSTargetPlatform' loaded TargetPlatform 'TVOS'
[2019.07.31-20.09.31:352][  0]LogTemp: Display: Module 'LinuxClientTargetPlatform' loaded TargetPlatform 'LinuxClient'
[2019.07.31-20.09.31:370][  0]LogTemp: Display: Module 'LinuxNoEditorTargetPlatform' loaded TargetPlatform 'LinuxNoEditor'
[2019.07.31-20.09.31:395][  0]LogTemp: Display: Module 'LinuxServerTargetPlatform' loaded TargetPlatform 'LinuxServer'
[2019.07.31-20.09.31:417][  0]LogTemp: Display: Module 'LinuxTargetPlatform' loaded TargetPlatform 'Linux'
[2019.07.31-20.09.31:498][  0]LogTemp: Display: Module 'LuminTargetPlatform' loaded TargetPlatform 'Lumin'
[2019.07.31-20.09.31:498][  0]LogTemp: Display: Module 'LuminTargetPlatform' loaded TargetPlatform 'LuminClient'
[2019.07.31-20.09.31:498][  0]LogTargetPlatformManager: Display: Building Assets For Windows
[2019.07.31-20.09.31:515][  0]LogAudioDebug: Display: Lib vorbis DLL was dynamically loaded.
[2019.07.31-20.09.31:619][  0]LogShaderCompilers: Guid format shader working directory is -9 characters bigger than the processId version (../../../../../../Users/18313/Desktop/VATS/VATS_Project/Intermediate/Shaders/WorkingDirectory/4468/).
[2019.07.31-20.09.31:620][  0]LogShaderCompilers: Cleaned the shader compiler working directory 'C:/Users/18313/AppData/Local/Temp/UnrealShaderWorkingDir/E039A31E496BEDC9D486FD9F56B0FC6B/'.
[2019.07.31-20.09.31:623][  0]LogXGEController: Cleaning working directory: C:/Users/18313/AppData/Local/Temp/UnrealXGEWorkingDir/
[2019.07.31-20.09.31:623][  0]LogXGEController: Cannot use XGE Controller as Incredibuild is not installed on this machine.
[2019.07.31-20.09.31:623][  0]LogShaderCompilers: Cannot use XGE Shader Compiler as Incredibuild is not installed on this machine.
[2019.07.31-20.09.31:623][  0]LogShaderCompilers: Display: Using Local Shader Compiler.
[2019.07.31-20.09.32:625][  0]LogDerivedDataCache: Display: Max Cache Size: 512 MB
[2019.07.31-20.09.32:724][  0]LogDerivedDataCache: Loaded boot cache 0.10s 71MB C:/Users/18313/AppData/Local/UnrealEngine/4.22/DerivedDataCache/Boot.ddc.
[2019.07.31-20.09.32:725][  0]LogDerivedDataCache: Display: Loaded Boot cache: C:/Users/18313/AppData/Local/UnrealEngine/4.22/DerivedDataCache/Boot.ddc
[2019.07.31-20.09.32:725][  0]LogDerivedDataCache: FDerivedDataBackendGraph:  Pak pak cache file ../../../../../../Users/18313/Desktop/VATS/VATS_Project/DerivedDataCache/DDC.ddp not found, will not use a pak cache.
[2019.07.31-20.09.32:725][  0]LogDerivedDataCache: Unable to find inner node Pak for hierarchical cache Hierarchy.
[2019.07.31-20.09.32:725][  0]LogDerivedDataCache: FDerivedDataBackendGraph:  CompressedPak pak cache file ../../../../../../Users/18313/Desktop/VATS/VATS_Project/DerivedDataCache/Compressed.ddp not found, will not use a pak cache.
[2019.07.31-20.09.32:725][  0]LogDerivedDataCache: Unable to find inner node CompressedPak for hierarchical cache Hierarchy.
[2019.07.31-20.09.32:746][  0]LogDerivedDataCache: Display: Pak cache opened for reading ../../../Engine/DerivedDataCache/Compressed.ddp.
[2019.07.31-20.09.32:746][  0]LogDerivedDataCache: FDerivedDataBackendGraph:  EnterprisePak pak cache file ../../../Enterprise/DerivedDataCache/Compressed.ddp not found, will not use a pak cache.
[2019.07.31-20.09.32:746][  0]LogDerivedDataCache: Unable to find inner node EnterprisePak for hierarchical cache Hierarchy.
[2019.07.31-20.09.32:759][  0]LogDerivedDataCache: Using Local data cache path C:/Users/18313/AppData/Local/UnrealEngine/Common/DerivedDataCache: Writable
[2019.07.31-20.09.32:759][  0]LogDerivedDataCache: Shared data cache path not found in *engine.ini, will not use an Shared cache.
[2019.07.31-20.09.32:759][  0]LogDerivedDataCache: Unable to find inner node Shared for hierarchical cache Hierarchy.
[2019.07.31-20.09.32:796][  0]LogMaterial: Verifying Global Shaders for PCD3D_SM5
[2019.07.31-20.09.32:797][  0]LogSlate: Using FreeType 2.6.0
[2019.07.31-20.09.32:798][  0]LogSlate: SlateFontServices - WITH_FREETYPE: 1, WITH_HARFBUZZ: 1
[2019.07.31-20.09.32:912][  0]LogAssetRegistry: FAssetRegistry took 0.0399 seconds to start up
[2019.07.31-20.09.34:207][  0]LogInit: Selected Device Profile: [Windows]
[2019.07.31-20.09.34:667][  0]LogMeshReduction: Using QuadricMeshReduction for automatic static mesh reduction
[2019.07.31-20.09.34:667][  0]LogMeshReduction: Using SimplygonMeshReduction for automatic skeletal mesh reduction
[2019.07.31-20.09.34:667][  0]LogMeshReduction: Using ProxyLODMeshReduction for automatic mesh merging
[2019.07.31-20.09.34:667][  0]LogMeshReduction: No distributed automatic mesh merging module available
[2019.07.31-20.09.34:667][  0]LogMeshMerging: No distributed automatic mesh merging module available
[2019.07.31-20.09.34:724][  0]LogNetVersion: VATS_Project 1.0.0, NetCL: 5660361, EngineNetVer: 10, GameNetVer: 0 (Checksum: 4066659200)
[2019.07.31-20.09.35:869][  0]LogPackageLocalizationCache: Processed 10 localized package path(s) for 1 prioritized culture(s) in 0.084985 seconds
[2019.07.31-20.09.35:889][  0]LogUObjectArray: 42205 objects as part of root set at end of initial load.
[2019.07.31-20.09.35:889][  0]LogUObjectAllocator: 7325032 out of 0 bytes used by permanent object pool.
[2019.07.31-20.09.35:890][  0]LogUObjectArray: CloseDisregardForGC: 0/0 objects in disregard for GC pool
[2019.07.31-20.09.38:118][  0]LogTcpMessaging: Initializing TcpMessaging bridge
[2019.07.31-20.09.38:137][  0]LogUdpMessaging: Initializing bridge on interface 0.0.0.0:0 to multicast group 230.0.0.1:6666.
[2019.07.31-20.09.38:328][  0]SourceControl: Source control is disabled
[2019.07.31-20.09.38:328][  0]SourceControl: Source control is disabled
[2019.07.31-20.09.38:331][  0]SourceControl: Source control is disabled
[2019.07.31-20.09.38:335][  0]SourceControl: Source control is disabled
[2019.07.31-20.09.38:622][  0]LogAndroidPermission: UAndroidPermissionCallbackProxy::GetInstance
[2019.07.31-20.09.38:807][  0]LogOcInput: OculusInput pre-init called
[2019.07.31-20.09.40:616][  0]LogEngine: Initializing Engine...
[2019.07.31-20.09.40:623][  0]LogHMD: Failed to initialize OpenVR with code 110
[2019.07.31-20.09.40:629][  0]LogStats: UGameplayTagsManager::InitializeManager -  0.001 s
[2019.07.31-20.09.41:293][  0]LogInit: Initializing FReadOnlyCVARCache
[2019.07.31-20.09.41:327][  0]LogAIModule: Creating AISystem for world Untitled
[2019.07.31-20.09.41:351][  0]LogInit: XAudio2 using 'Speaker/Headphone (Realtek(R) Audio)' : 2 channels at 48 kHz using 32 bits per sample (channel mask 0x3)
[2019.07.31-20.09.42:022][  0]LogInit: FAudioDevice initialized.
[2019.07.31-20.09.42:022][  0]LogNetVersion: Set ProjectVersion to 1.0.0.0. Version Checksum will be recalculated on next use.
[2019.07.31-20.09.42:153][  0]LogDerivedDataCache: Saved boot cache 0.13s 71MB C:/Users/18313/AppData/Local/UnrealEngine/4.22/DerivedDataCache/Boot.ddc.
[2019.07.31-20.09.42:171][  0]LogInit: Texture streaming: Enabled
[2019.07.31-20.09.42:196][  0]LogEngineSessionManager: EngineSessionManager initialized
[2019.07.31-20.09.42:228][  0]LogInit: Transaction tracking system initialized
[2019.07.31-20.09.42:267][  0]BlueprintLog: New page: Editor Load
[2019.07.31-20.09.42:480][  0]LocalizationService: Localization service is disabled
[2019.07.31-20.09.43:061][  0]LogFileCache: Scanning file cache for directory 'C:/Users/18313/Desktop/VATS/VATS_Project/Content/' took 0.03s
[2019.07.31-20.09.43:061][  0]LogCook: Display: Max memory allowance for cook 16384mb min free memory 0mb
[2019.07.31-20.09.43:061][  0]LogCook: Display: Mobile HDR setting 1
[2019.07.31-20.09.43:590][  0]SourceControl: Source control is disabled
[2019.07.31-20.09.43:590][  0]Cmd: MAP LOAD FILE="../../../../../../Users/18313/Desktop/VATS/VATS_Project/Content/Levels/VATS.umap" TEMPLATE=0 SHOWPROGRESS=1 FEATURELEVEL=3
[2019.07.31-20.09.43:591][  0]LightingResults: New page: Lighting Build
[2019.07.31-20.09.43:601][  0]MapCheck: New page: Map Check
[2019.07.31-20.09.43:601][  0]LightingResults: New page: Lighting Build
[2019.07.31-20.09.43:660][  0]LogUObjectHash: Compacting FUObjectHashTables data took   2.81ms
[2019.07.31-20.09.44:144][  0]LogLinker: Warning: Can't find file '/Game/Levels/VATS_BuiltData'
[2019.07.31-20.09.44:144][  0]LogLinker: Warning: Can't find file for asset '/Game/Levels/VATS_BuiltData' while loading NULL.
[2019.07.31-20.09.44:164][  0]LogLinker: Warning: Can't find file '/Game/Levels/VATS_BuiltData'
[2019.07.31-20.09.44:165][  0]LogLinker: Warning: Can't find file for asset '/Game/Levels/VATS_BuiltData' while loading NULL.
[2019.07.31-20.09.44:170][  0]LogLinker: Warning: Can't find file '/Game/Levels/VATS_BuiltData'
[2019.07.31-20.09.44:171][  0]LogLinker: Warning: Can't find file for asset '/Game/Levels/VATS_BuiltData' while loading NULL.
[2019.07.31-20.09.44:172][  0]LogLinker: Warning: Can't find file '/Game/Levels/VATS_BuiltData'
[2019.07.31-20.09.44:173][  0]LogLinker: Warning: Can't find file for asset '/Game/Levels/VATS_BuiltData' while loading NULL.
[2019.07.31-20.09.44:187][  0]LogLinker: Warning: Can't find file '/Game/Levels/VATS_BuiltData'
[2019.07.31-20.09.44:187][  0]LoadErrors: Failed to load /Game/Levels/VATS_BuiltData.VATS_BuiltData Referenced by PersistentLevel
[2019.07.31-20.09.44:187][  0]LogLinker: Warning: Can't find file for asset '/Game/Levels/VATS_BuiltData' while loading NULL.
[2019.07.31-20.09.44:255][  0]LogTexture: Display: Building textures: Acid_Picture (BGRA8, 640X427)
[2019.07.31-20.09.44:255][  0]LogTexture: Display: Building textures: WaterNormal (BC5, 512X512)
[2019.07.31-20.09.44:255][  0]LogTexture: Display: Building textures: Temperature_Picture (AutoDXT, 720X540)
[2019.07.31-20.09.44:308][  0]LogTexture: Display: Building textures: Trash_Picture (BGRA8, 960X541)
[2019.07.31-20.09.44:308][  0]LogTexture: Display: Building textures: Scanlines (AutoDXT, 1024X1024)
[2019.07.31-20.09.44:308][  0]LogMaterial: Display: Missing cached shader map for material M_Console_body, compiling. 
[2019.07.31-20.09.45:391][  0]LogMaterial: Display: Missing cached shader map for material M_Console_Screen_Off, compiling. 
[2019.07.31-20.09.45:563][  0]LogMaterial: Display: Missing cached shader map for material Lab_Floor_M, compiling. 
[2019.07.31-20.09.45:617][  0]LogAudioDerivedData: Display: Building compressed audio format OGG hash OGG wave UpBeep...
[2019.07.31-20.09.45:662][  0]LogAudioDerivedData: Display: Updated SoundWave->RawPCMDataSize from 0 to 131072 while cooking SoundWave /Game/Sounds/UpBeep.UpBeep.
[2019.07.31-20.09.45:669][  0]LogAudioDerivedData: Display: Building compressed audio format OGG hash OGG wave DownBeep...
[2019.07.31-20.09.45:723][  0]LogAudioDerivedData: Display: Updated SoundWave->RawPCMDataSize from 0 to 167936 while cooking SoundWave /Game/Sounds/DownBeep.DownBeep.
[2019.07.31-20.09.45:785][  0]LogMaterial: Display: Missing cached shader map for material TankWater_M, compiling. 
[2019.07.31-20.09.45:978][  0]LogAIModule: Creating AISystem for world VATS
[2019.07.31-20.09.46:012][  0]LogEditorServer: Finished looking for orphan Actors (0.000 secs)
[2019.07.31-20.09.46:096][  0]LogUObjectHash: Compacting FUObjectHashTables data took   6.81ms
[2019.07.31-20.09.46:096][  0]Cmd: MAP CHECKDEP NOCLEARLOG
[2019.07.31-20.09.46:096][  0]MapCheck: Map check complete: 0 Error(s), 0 Warning(s), took 0.341ms to complete.
[2019.07.31-20.09.46:097][  0]LogFileHelpers: Loading map 'VATS' took 2.505
[2019.07.31-20.09.46:291][  0]LogSlate: Updating window title bar state: overlay mode, drag disabled, window buttons hidden, title bar hidden
[2019.07.31-20.09.46:334][  0]LogSlate: Updating window title bar state: overlay mode, drag disabled, window buttons hidden, title bar hidden
[2019.07.31-20.09.46:365][  0]LogSlate: Updating window title bar state: overlay mode, drag disabled, window buttons hidden, title bar hidden
[2019.07.31-20.09.46:405][  0]LogSlate: Updating window title bar state: overlay mode, drag disabled, window buttons hidden, title bar hidden
[2019.07.31-20.09.46:430][  0]LogCollectionManager: Loaded 0 collections in 0.006557 seconds
[2019.07.31-20.09.46:492][  0]LogFileCache: Scanning file cache for directory 'C:/Users/18313/Desktop/VATS/VATS_Project/Saved/Collections/' took 0.01s
[2019.07.31-20.09.46:492][  0]LogFileCache: Scanning file cache for directory 'C:/Users/18313/Desktop/VATS/VATS_Project/Content/Developers/18313/Collections/' took 0.01s
[2019.07.31-20.09.46:492][  0]LogFileCache: Scanning file cache for directory 'C:/Users/18313/Desktop/VATS/VATS_Project/Content/Collections/' took 0.02s
[2019.07.31-20.09.46:492][  0]LogCollectionManager: Rebuilt the GUID cache for 0 collections in 0.000001 seconds
[2019.07.31-20.09.46:528][  0]LogContentBrowser: Native class hierarchy populated in 0.0363 seconds. Added 2732 classes and 659 folders.
[2019.07.31-20.09.46:548][  0]LogContentBrowser: Native class hierarchy updated for 'WidgetCarousel' in 0.0005 seconds. Added 0 classes and 0 folders.
[2019.07.31-20.09.46:553][  0]LogPakFile: Registered encryption key '00000000000000000000000000000000': 0 pak files mounted, 0 remain pending
[2019.07.31-20.09.46:555][  0]LogPakFile: Registered encryption key '00000000000000000000000000000000': 0 pak files mounted, 0 remain pending
[2019.07.31-20.09.46:557][  0]LogPakFile: Registered encryption key '00000000000000000000000000000000': 0 pak files mounted, 0 remain pending
[2019.07.31-20.09.46:558][  0]LogPakFile: Registered encryption key '00000000000000000000000000000000': 0 pak files mounted, 0 remain pending
[2019.07.31-20.09.46:560][  0]LogPakFile: Registered encryption key '00000000000000000000000000000000': 0 pak files mounted, 0 remain pending
[2019.07.31-20.09.46:563][  0]LogPakFile: Registered encryption key '00000000000000000000000000000000': 0 pak files mounted, 0 remain pending
[2019.07.31-20.09.46:566][  0]LogPakFile: Registered encryption key '00000000000000000000000000000000': 0 pak files mounted, 0 remain pending
[2019.07.31-20.09.46:569][  0]LogPakFile: Registered encryption key '00000000000000000000000000000000': 0 pak files mounted, 0 remain pending
[2019.07.31-20.09.46:571][  0]LogPakFile: Registered encryption key '00000000000000000000000000000000': 0 pak files mounted, 0 remain pending
[2019.07.31-20.09.46:572][  0]LogPakFile: Registered encryption key '00000000000000000000000000000000': 0 pak files mounted, 0 remain pending
[2019.07.31-20.09.46:573][  0]LogPakFile: Registered encryption key '00000000000000000000000000000000': 0 pak files mounted, 0 remain pending
[2019.07.31-20.09.46:574][  0]LogPakFile: Registered encryption key '00000000000000000000000000000000': 0 pak files mounted, 0 remain pending
[2019.07.31-20.09.46:575][  0]LogPakFile: Registered encryption key '00000000000000000000000000000000': 0 pak files mounted, 0 remain pending
[2019.07.31-20.09.46:577][  0]LogPakFile: Registered encryption key '00000000000000000000000000000000': 0 pak files mounted, 0 remain pending
[2019.07.31-20.09.46:578][  0]LogPakFile: Registered encryption key '00000000000000000000000000000000': 0 pak files mounted, 0 remain pending
[2019.07.31-20.09.46:578][  0]LogPakFile: Registered encryption key '00000000000000000000000000000000': 0 pak files mounted, 0 remain pending
[2019.07.31-20.09.46:580][  0]LogPakFile: Registered encryption key '00000000000000000000000000000000': 0 pak files mounted, 0 remain pending
[2019.07.31-20.09.46:583][  0]LogPakFile: Registered encryption key '00000000000000000000000000000000': 0 pak files mounted, 0 remain pending
[2019.07.31-20.09.46:585][  0]LogPakFile: Registered encryption key '00000000000000000000000000000000': 0 pak files mounted, 0 remain pending
[2019.07.31-20.09.46:587][  0]LogPakFile: Registered encryption key '00000000000000000000000000000000': 0 pak files mounted, 0 remain pending
[2019.07.31-20.09.46:587][  0]LogPakFile: Registered encryption key '00000000000000000000000000000000': 0 pak files mounted, 0 remain pending
[2019.07.31-20.09.46:590][  0]LogPakFile: Registered encryption key '00000000000000000000000000000000': 0 pak files mounted, 0 remain pending
[2019.07.31-20.09.46:591][  0]LogPakFile: Registered encryption key '00000000000000000000000000000000': 0 pak files mounted, 0 remain pending
[2019.07.31-20.09.46:592][  0]LogPakFile: Registered encryption key '00000000000000000000000000000000': 0 pak files mounted, 0 remain pending
[2019.07.31-20.09.46:594][  0]LogPakFile: Registered encryption key '00000000000000000000000000000000': 0 pak files mounted, 0 remain pending
[2019.07.31-20.09.46:595][  0]LogPakFile: Registered encryption key '00000000000000000000000000000000': 0 pak files mounted, 0 remain pending
[2019.07.31-20.09.46:705][  0]LogContentBrowser: Native class hierarchy updated for 'AddContentDialog' in 0.0006 seconds. Added 0 classes and 0 folders.
[2019.07.31-20.09.46:720][  0]LogContentBrowser: Native class hierarchy updated for 'SceneOutliner' in 0.0005 seconds. Added 1 classes and 2 folders.
[2019.07.31-20.09.46:930][  0]LogSlate: Took 0.000310 seconds to synchronously load lazily loaded font '../../../Engine/Content/Slate/Fonts/Roboto-Regular.ttf' (155K)
[2019.07.31-20.09.46:938][  0]LogSlate: Took 0.000608 seconds to synchronously load lazily loaded font '../../../Engine/Content/Slate/Fonts/Roboto-Bold.ttf' (160K)
[2019.07.31-20.09.46:950][  0]LogSlate: Took 0.001473 seconds to synchronously load lazily loaded font '../../../Engine/Content/Editor/Slate/Fonts/FontAwesome.ttf' (139K)
[2019.07.31-20.09.47:107][  0]LogRenderer: Reallocating scene render targets to support 1208x212 Format 10 NumSamples 1 (Frame:1).
[2019.07.31-20.09.47:394][  0]LogContentBrowser: Native class hierarchy updated for 'HierarchicalLODOutliner' in 0.0006 seconds. Added 0 classes and 0 folders.
[2019.07.31-20.09.47:395][  0]LogLoad: (Engine Initialization) Total time: 20.19 seconds
[2019.07.31-20.09.47:395][  0]LogLoad: (Engine Initialization) Total Blueprint compile time: 0.00 seconds
[2019.07.31-20.09.47:510][  0]LogContentStreaming: Texture pool size now 1000 MB
[2019.07.31-20.09.47:514][  0]LogSlate: FSceneViewport::OnFocusLost() reason 2
[2019.07.31-20.09.48:319][  1]LogFileCache: Retrieving MD5 hashes for directory 'C:/Users/18313/Desktop/VATS/VATS_Project/Content/' took 0.88s
[2019.07.31-20.09.48:867][  3]LogAssetRegistry: Asset discovery search completed in 15.9764 seconds
[2019.07.31-20.09.48:874][  3]LogCollectionManager: Rebuilt the object cache for 0 collections in 0.000000 seconds (found 0 objects)
[2019.07.31-20.09.48:874][  3]LogCollectionManager: Fixed up redirectors for 0 collections in 0.000097 seconds (updated 0 objects)
[2019.07.31-20.09.48:907][  3]LogSlate: Took 0.000217 seconds to synchronously load lazily loaded font '../../../Engine/Content/Slate/Fonts/Roboto-Light.ttf' (167K)
[2019.07.31-20.09.51:428][ 55]LogSlate: Window 'Message Log' being destroyed
[2019.07.31-20.09.51:477][ 55]LogSlate: Window 'Message Log' being destroyed
[2019.07.31-20.10.03:102][301]LogSlate: FSceneViewport::OnFocusLost() reason 0
[2019.07.31-20.10.04:625][336]LogRenderer: Reallocating scene render targets to support 1208x216 Format 10 NumSamples 1 (Frame:303).
[2019.07.31-20.10.04:859][337]LogRenderer: Reallocating scene render targets to support 1208x244 Format 10 NumSamples 1 (Frame:305).
[2019.07.31-20.10.05:058][338]LogRenderer: Reallocating scene render targets to support 1208x704 Format 10 NumSamples 1 (Frame:307).
[2019.07.31-20.10.05:537][339]LogRenderer: Reallocating scene render targets to support 1208x724 Format 10 NumSamples 1 (Frame:309).
[2019.07.31-20.10.22:847][749]LogAssetEditorManager: Opening Asset editor for WidgetBlueprint /Game/UI/BP_VATS_HUD.BP_VATS_HUD
[2019.07.31-20.10.23:381][749]LogContentBrowser: Native class hierarchy updated for 'BlueprintGraph' in 0.0011 seconds. Added 121 classes and 0 folders.
[2019.07.31-20.10.24:834][749]LogBlueprintActionDatabase: Requesting refresh due to module change: SequencerWidgets (loaded)
[2019.07.31-20.10.24:940][749]LogAssetEditorManager: Opening Asset editor for Blueprint /Game/BluePrints/Actors/BP_Console.BP_Console
[2019.07.31-20.10.25:575][749]LogAssetEditorManager: Opening Asset editor for Material /Game/Materials/TankWater_M.TankWater_M
[2019.07.31-20.10.25:584][749]LogMaterial: Display: Missing cached shader map for material TankWater_M, compiling. 
[2019.07.31-20.10.26:165][749]LogMaterial: Display: Missing cached shader map for material TankWater_M, compiling. 
[2019.07.31-20.10.26:202][749]LogShaderCompilers: Display: Shaders left to compile 30
[2019.07.31-20.10.26:207][749]LogMaterial: Display: Missing cached shader map for material TankWater_M, compiling. 
[2019.07.31-20.10.26:302][749]LogMaterial: Display: Missing cached shader map for material FMatExpressionPreview MaterialExpressionConstant3Vector_0, compiling. 
[2019.07.31-20.10.26:316][749]LogMaterial: Display: Missing cached shader map for material FMatExpressionPreview MaterialExpressionTextureObject_0, compiling. 
[2019.07.31-20.10.26:333][749]LogMaterial: Display: Missing cached shader map for material FMatExpressionPreview MaterialExpressionTextureSample_2, compiling. 
[2019.07.31-20.10.26:348][749]LogMaterial: Display: Missing cached shader map for material FMatExpressionPreview MaterialExpressionTextureSample_3, compiling. 
[2019.07.31-20.10.26:440][749]LogAssetEditorManager: Opening Asset editor for Blueprint /Game/BluePrints/Pawns/BP_PlayerCharacter.BP_PlayerCharacter
[2019.07.31-20.10.27:219][749]LogShaderCompilers: Display: Shaders left to compile 30
[2019.07.31-20.10.27:427][749]LogAssetEditorManager: Opening Asset editor for Blueprint /Game/BluePrints/Actors/BP_Interactive.BP_Interactive
[2019.07.31-20.10.28:452][749]LogAssetEditorManager: Opening Asset editor for Blueprint /Game/BluePrints/Actors/BP_Interactive_Console.BP_Interactive_Console
[2019.07.31-20.10.30:475][749]LogShaderCompilers: Display: Shaders left to compile 20
[2019.07.31-20.10.30:475][749]LogSlate: New Slate User Created.  User Index 8, Is Virtual User: 1
[2019.07.31-20.10.30:475][749]LogSlate: Slate User Registered.  User Index 8, Is Virtual User: 1
[2019.07.31-20.10.30:503][749]LogSlate: Took 0.005803 seconds to synchronously load lazily loaded font '../../../Engine/Content/Slate/Fonts/Roboto-BoldCondensed.ttf' (158K)
[2019.07.31-20.10.31:144][750]AssetReimport: New page: Outstanding source content changes 6:10:31 AM
[2019.07.31-20.10.31:160][750]LogSlate: Took 0.000281 seconds to synchronously load lazily loaded font '../../../Engine/Content/Slate/Fonts/Roboto-Italic.ttf' (157K)
[2019.07.31-20.10.31:646][751]LogFactory: FactoryCreateFile: Texture with ReimportTextureFactory (0 0 C:/Users/18313/Desktop/VATS/VATS_Project/Content/Tex_Shark.BMP)
[2019.07.31-20.10.40:149][752]Cmd: OBJ SAVEPACKAGE PACKAGE="/Game/Tex_Shark" FILE="../../../../../../Users/18313/Desktop/VATS/VATS_Project/Content/Tex_Shark.uasset" SILENT=true
[2019.07.31-20.10.44:091][752]LogSavePackage: Moving '../../../../../../Users/18313/Desktop/VATS/VATS_Project/Saved/Tex_Shark63D3532C406ABAFCDBAA44AD3C98D55C.tmp' to '../../../../../../Users/18313/Desktop/VATS/VATS_Project/Content/Tex_Shark.uasset'
[2019.07.31-20.10.44:112][752]MaterialEditorStats: Base pass shader: 85 instructions
[2019.07.31-20.10.44:112][752]MaterialEditorStats: Base pass shader with Volumetric Lightmap: 112 instructions
[2019.07.31-20.10.44:112][752]MaterialEditorStats: Base pass vertex shader: 102 instructions
[2019.07.31-20.10.44:112][752]MaterialEditorStats: Texture samplers: 3/16
[2019.07.31-20.10.44:112][752]MaterialEditorStats: Texture Lookups (Est.): VS(0), PS(2)
[2019.07.31-20.10.44:112][752]MaterialEditorStats: User interpolators: 2/4 Scalars (1/4 Vectors) (TexCoords: 2, Custom: 0)
[2019.07.31-20.10.47:127][838]AssetReimport: Importing new asset /Game/Tex_Shark.
[2019.07.31-20.11.03:305][307]LogSlate: Window 'BP_Interactive_Console' being destroyed
[2019.07.31-20.11.03:347][307]LogSlate: Window 'BP_Interactive_Console' being destroyed
[2019.07.31-20.11.03:621][307]LogActorComponent: UnregisterComponent: (/Engine/Transient.EditorFloorComp) Not registered. Aborting.
[2019.07.31-20.11.03:704][307]LogActorComponent: UnregisterComponent: (/Engine/Transient.EditorFloorComp) Not registered. Aborting.
[2019.07.31-20.11.08:736][466]LogActorComponent: UnregisterComponent: (/Engine/Transient.EditorFloorComp) Not registered. Aborting.
[2019.07.31-20.11.30:232][ 95]LogAssetEditorManager: Opening Asset editor for MapBuildDataRegistry /Game/FirstPersonBP/Maps/SNG_Level_BuiltData.SNG_Level_BuiltData
[2019.07.31-20.11.32:377][145]LogSlate: Window 'SNG_Level_BuiltData' being destroyed
[2019.07.31-20.11.32:422][145]LogSlate: Window 'SNG_Level_BuiltData' being destroyed
